[debug] [2021-11-05T00:33:33.378Z] ----------------------------------------------------------------------
[debug] [2021-11-05T00:33:33.380Z] Command:       C:\Program Files\nodejs\node.exe C:\Users\George\AppData\Roaming\npm\node_modules\firebase-tools\lib\bin\firebase.js init
[debug] [2021-11-05T00:33:33.380Z] CLI Version:   9.21.0
[debug] [2021-11-05T00:33:33.380Z] Platform:      win32
[debug] [2021-11-05T00:33:33.380Z] Node Version:  v16.13.0
[debug] [2021-11-05T00:33:33.381Z] Time:          Thu Nov 04 2021 20:33:33 GMT-0400 (Eastern Daylight Time)
[debug] [2021-11-05T00:33:33.381Z] ----------------------------------------------------------------------
[debug] 
[debug] [2021-11-05T00:33:33.422Z] > command requires scopes: ["email","openid","https://www.googleapis.com/auth/cloudplatformprojects.readonly","https://www.googleapis.com/auth/firebase","https://www.googleapis.com/auth/cloud-platform"]
[debug] [2021-11-05T00:33:33.422Z] > authorizing via signed-in user (gkatsaros16@gmail.com)
[info] 
     ######## #### ########  ######## ########     ###     ######  ########
     ##        ##  ##     ## ##       ##     ##  ##   ##  ##       ##
     ######    ##  ########  ######   ########  #########  ######  ######
     ##        ##  ##    ##  ##       ##     ## ##     ##       ## ##
     ##       #### ##     ## ######## ########  ##     ##  ######  ########

You're about to initialize a Firebase project in this directory:

  C:\Users\George\Documents\catgirl-stats2

Before we get started, keep in mind:

  * You are initializing within an existing Firebase project directory

